<?xml version="1.0" encoding="UTF-8" ?>
<testsuite failures="0" time="0.031" errors="0" skipped="0" tests="1" name="com.microrisc.rpi.spi.iqrf.AppTest">
  <properties>
    <property name="java.runtime.name" value="Java(TM) SE Runtime Environment"/>
    <property name="sun.boot.library.path" value="D:\Program Files\Java\jdk1.7.0_45\jre\bin"/>
    <property name="java.vm.version" value="24.45-b08"/>
    <property name="java.vm.vendor" value="Oracle Corporation"/>
    <property name="java.vendor.url" value="http://java.oracle.com/"/>
    <property name="path.separator" value=";"/>
    <property name="guice.disable.misplaced.annotation.check" value="true"/>
    <property name="java.vm.name" value="Java HotSpot(TM) Client VM"/>
    <property name="file.encoding.pkg" value="sun.io"/>
    <property name="user.script" value=""/>
    <property name="user.country" value="CZ"/>
    <property name="sun.java.launcher" value="SUN_STANDARD"/>
    <property name="sun.os.patch.level" value="Service Pack 2"/>
    <property name="java.vm.specification.name" value="Java Virtual Machine Specification"/>
    <property name="user.dir" value="D:\Prace\microrisc\repository\iqrfsdk\libs\raspberry-spi-io-iqrf\jlibrpi-spi-iqrf\versions\1.0.0"/>
    <property name="java.runtime.version" value="1.7.0_45-b18"/>
    <property name="java.awt.graphicsenv" value="sun.awt.Win32GraphicsEnvironment"/>
    <property name="java.endorsed.dirs" value="D:\Program Files\Java\jdk1.7.0_45\jre\lib\endorsed"/>
    <property name="os.arch" value="x86"/>
    <property name="java.io.tmpdir" value="C:\DOCUME~1\fantomas\LOCALS~1\Temp\"/>
    <property name="line.separator" value="
"/>
    <property name="java.vm.specification.vendor" value="Oracle Corporation"/>
    <property name="user.variant" value=""/>
    <property name="os.name" value="Windows XP"/>
    <property name="maven.ext.class.path" value="D:\Program Files\NetBeans 8.0\java\maven-nblib\netbeans-eventspy.jar"/>
    <property name="classworlds.conf" value="D:\Program Files\NetBeans 8.0\java\maven\bin\m2.conf"/>
    <property name="sun.jnu.encoding" value="Cp1250"/>
    <property name="java.library.path" value="D:\Program Files\Java\jdk1.7.0_45\bin;C:\WINDOWS\Sun\Java\bin;C:\WINDOWS\system32;C:\WINDOWS;D:\Program Files\CodeGear\RAD Studio\5.0\bin;C:\Documents and Settings\fantomas\Dokumenty\RAD Studio\5.0\Bpl;D:\Program Files\Embarcadero\RAD Studio\9.0\bin;C:\Documents and Settings\All Users\Dokumenty\RAD Studio\9.0\Bpl;D:\Program Files\PHP\;D:\PROGRA~1\Borland\CBUILD~1\Projects\Bpl;D:\PROGRA~1\Borland\CBUILD~1\Bin;C:\WINDOWS\system32;C:\WINDOWS;C:\WINDOWS\System32\Wbem;C:\Program Files\Common Files\DivX Shared\;D:\PHP;D:\Program Files\GNU\GnuPG\pub;D:\Program Files\MySQL\MySQL Server 5.5\bin;D:\Program Files\TortoiseHg\;D:\AWK\;D:\Program Files\doxygen\bin;D:\Program Files\Notepad++;D:\Program Files\apache-ant-1.8.3\bin;D:\Program Files\7-Zip\;D:\Program Files\apache-maven-3.0.5\bin;D:\Program Files\OpenVPN\bin;D:\Program Files\MySQL\Connector J 5.1.26;C:\Program Files\Cinterion\Module Exchange Suite\;D:\Program Files\TSE\Regular Expression Component Library Bcb5\Dll;D:\cim\bin;D:\PHP;D:\Program Files\Java\jdk1.6.0_10\bin;D:\cfix\bin\i386;D:\Program Files\apache-ant-1.8.3\bin;D:\Program Files\apache-maven-3.0.5\bin;D:\Program Files\apache-maven-3.1.1\bin;D:\Program Files\CodeGear\RAD Studio\5.0\bin;C:\Documents and Settings\fantomas\Dokumenty\RAD Studio\5.0\Bpl;D:\Program Files\Embarcadero\RAD Studio\9.0\bin;C:\Documents and Settings\All Users\Dokumenty\RAD Studio\9.0\Bpl;D:\Program Files\PHP\;D:\PROGRA~1\Borland\CBUILD~1\Projects\Bpl;D:\PROGRA~1\Borland\CBUILD~1\Bin;C:\WINDOWS\system32;C:\WINDOWS;C:\WINDOWS\System32\Wbem;C:\Program Files\Common Files\DivX Shared\;D:\PHP;D:\Program Files\GNU\GnuPG\pub;D:\Program Files\MySQL\MySQL Server 5.5\bin;D:\Program Files\TortoiseHg\;D:\AWK\;D:\Program Files\doxygen\bin;D:\Program Files\Notepad++;D:\Program Files\apache-ant-1.8.3\bin;D:\Program Files\7-Zip\;D:\Program Files\apache-maven-3.0.5\bin;D:\Program Files\OpenVPN\bin;D:\Program Files\MySQL\Connector J 5.1.26;C:\Program Files\Cinterion\Module Exchange Suite\;c:\sim\dos;."/>
    <property name="java.specification.name" value="Java Platform API Specification"/>
    <property name="java.class.version" value="51.0"/>
    <property name="sun.management.compiler" value="HotSpot Client Compiler"/>
    <property name="os.version" value="5.1"/>
    <property name="user.home" value="C:\Documents and Settings\fantomas"/>
    <property name="user.timezone" value="Europe/Prague"/>
    <property name="java.awt.printerjob" value="sun.awt.windows.WPrinterJob"/>
    <property name="java.specification.version" value="1.7"/>
    <property name="file.encoding" value="UTF-8"/>
    <property name="user.name" value="fantomas"/>
    <property name="java.class.path" value="D:\Program Files\NetBeans 8.0\java\maven\boot\plexus-classworlds-2.4.jar"/>
    <property name="java.vm.specification.version" value="1.7"/>
    <property name="sun.arch.data.model" value="32"/>
    <property name="java.home" value="D:\Program Files\Java\jdk1.7.0_45\jre"/>
    <property name="sun.java.command" value="org.codehaus.plexus.classworlds.launcher.Launcher -Dmaven.ext.class.path=D:\Program Files\NetBeans 8.0\java\maven-nblib\netbeans-eventspy.jar -Dfile.encoding=UTF-8 clean install"/>
    <property name="java.specification.vendor" value="Oracle Corporation"/>
    <property name="user.language" value="cs"/>
    <property name="awt.toolkit" value="sun.awt.windows.WToolkit"/>
    <property name="java.vm.info" value="mixed mode, sharing"/>
    <property name="java.version" value="1.7.0_45"/>
    <property name="java.ext.dirs" value="D:\Program Files\Java\jdk1.7.0_45\jre\lib\ext;C:\WINDOWS\Sun\Java\lib\ext"/>
    <property name="sun.boot.class.path" value="D:\Program Files\Java\jdk1.7.0_45\jre\lib\resources.jar;D:\Program Files\Java\jdk1.7.0_45\jre\lib\rt.jar;D:\Program Files\Java\jdk1.7.0_45\jre\lib\sunrsasign.jar;D:\Program Files\Java\jdk1.7.0_45\jre\lib\jsse.jar;D:\Program Files\Java\jdk1.7.0_45\jre\lib\jce.jar;D:\Program Files\Java\jdk1.7.0_45\jre\lib\charsets.jar;D:\Program Files\Java\jdk1.7.0_45\jre\lib\jfr.jar;D:\Program Files\Java\jdk1.7.0_45\jre\classes"/>
    <property name="java.vendor" value="Oracle Corporation"/>
    <property name="maven.home" value="D:\Program Files\NetBeans 8.0\java\maven"/>
    <property name="file.separator" value="\"/>
    <property name="java.vendor.url.bug" value="http://bugreport.sun.com/bugreport/"/>
    <property name="sun.cpu.endian" value="little"/>
    <property name="sun.io.unicode.encoding" value="UnicodeLittle"/>
    <property name="sun.desktop" value="windows"/>
    <property name="sun.cpu.isalist" value="pentium_pro+mmx pentium_pro pentium+mmx pentium i486 i386 i86"/>
  </properties>
  <testcase time="0" classname="com.microrisc.rpi.spi.iqrf.AppTest" name="testApp"/>
</testsuite>